#
# There is insufficient memory for the Java Runtime Environment to continue.
# Native memory allocation (mmap) failed to map 264241152 bytes. Error detail: G1 virtual space
# Possible reasons:
#   The system is out of physical RAM or swap space
#   This process is running with CompressedOops enabled, and the Java Heap may be blocking the growth of the native heap
# Possible solutions:
#   Reduce memory load on the system
#   Increase physical memory or swap space
#   Check if swap backing store is full
#   Decrease Java heap size (-Xmx/-Xms)
#   Decrease number of Java threads
#   Decrease Java thread stack sizes (-Xss)
#   Set larger code cache with -XX:ReservedCodeCacheSize=
#   JVM is running with Zero Based Compressed Oops mode in which the Java heap is
#     placed in the first 32GB address space. The Java Heap base address is the
#     maximum limit for the native heap growth. Please use -XX:HeapBaseMinAddress
#     to set the Java Heap base and to place the Java Heap above 32GB virtual address.
# This output file may be truncated or incomplete.
#
#  Out of Memory Error (os_windows.cpp:3713), pid=3064, tid=15820
#
# JRE version:  (21.0.9+10) (build )
# Java VM: OpenJDK 64-Bit Server VM (21.0.9+10-LTS, mixed mode, sharing, tiered, compressed oops, compressed class ptrs, g1 gc, windows-amd64)
# No core dump will be written. Minidumps are not enabled by default on client versions of Windows
#

---------------  S U M M A R Y ------------

Command Line: -Dfile.encoding=UTF-8 -Dstdout.encoding=UTF-8 -Dstderr.encoding=UTF-8 --module-path=C:\Users\Administrator\eclipse-workspace\java22\bin -XX:+ShowCodeDetailsInExceptionMessages -Djdk.module.main=java22 java22/complexityAnalysis.LinearSearch

Host: 12th Gen Intel(R) Core(TM) i3-1215U, 8 cores, 15G,  Windows 11 , 64 bit Build 26100 (10.0.26100.7309)
Time: Mon Jan  5 12:06:18 2026 Yukon Standard Time elapsed time: 2.022507 seconds (0d 0h 0m 2s)

---------------  T H R E A D  ---------------

Current thread (0x000001fd41f60630):  JavaThread "Unknown thread" [_thread_in_vm, id=15820, stack(0x000000d46fe00000,0x000000d46ff00000) (1024K)]

Stack: [0x000000d46fe00000,0x000000d46ff00000]
Native frames: (J=compiled Java code, j=interpreted, Vv=VM code, C=native code)
V  [jvm.dll+0x6d6e29]
V  [jvm.dll+0x8b4b76]
V  [jvm.dll+0x8b712e]
V  [jvm.dll+0x8b7813]
V  [jvm.dll+0x283d86]
V  [jvm.dll+0x6d3745]
V  [jvm.dll+0x6c747a]
V  [jvm.dll+0x35e7e8]
V  [jvm.dll+0x366426]
V  [jvm.dll+0x3b73fe]
V  [jvm.dll+0x3b76a8]
V  [jvm.dll+0x3329ec]
V  [jvm.dll+0x33353b]
V  [jvm.dll+0x87deeb]
V  [jvm.dll+0x3c4381]
V  [jvm.dll+0x867135]
V  [jvm.dll+0x457391]
V  [jvm.dll+0x458f81]
C  [jli.dll+0x52d0]
C  [ucrtbase.dll+0x37b0]
C  [KERNEL32.DLL+0x2e8d7]
C  [ntdll.dll+0x8c53c]


---------------  P R O C E S S  ---------------

Threads class SMR info:
_java_thread_list=0x00007ffcc8fe91c8, length=0, elements={
}

Java Threads: ( => current thread )
Total: 0

Other Threads:
  0x000001fd4432f9d0 WorkerThread "GC Thread#0"                     [id=6856, stack(0x000000d46ff00000,0x000000d470000000) (1024K)]
  0x000001fd44340440 ConcurrentGCThread "G1 Main Marker"            [id=12436, stack(0x000000d470000000,0x000000d470100000) (1024K)]
  0x000001fd44342560 WorkerThread "G1 Conc#0"                       [id=8528, stack(0x000000d470100000,0x000000d470200000) (1024K)]

[error occurred during error reporting (printing all threads), id 0xc0000005, EXCEPTION_ACCESS_VIOLATION (0xc0000005) at pc=0x00007ffcc86e50d7]
VM state: not at safepoint (not fully initialized)

VM Mutex/Monitor currently owned by a thread:  ([mutex/lock_event])
[0x00007ffcc905d670] Heap_lock - owner thread: 0x000001fd41f60630

Heap address: 0x0000000705600000, size: 4010 MB, Compressed Oops mode: Zero based, Oop shift amount: 3

CDS archive(s) mapped at: [0x0000000000000000-0x0000000000000000-0x0000000000000000), size 0, SharedBaseAddress: 0x0000000800000000, ArchiveRelocationMode: 1.
Narrow klass base: 0x0000000000000000, Narrow klass shift: 0, Narrow klass range: 0x0

GC Precious Log:
 CardTable entry size: 512
 Card Set container configuration: InlinePtr #cards 4 size 8 Array Of Cards #cards 16 size 48 Howl #buckets 8 coarsen threshold 3686 Howl Bitmap #cards 512 size 80 coarsen threshold 460 Card regions per heap region 1 cards per card region 4096

Heap:
 garbage-first heap   total 0K, used 0K [0x0000000705600000, 0x0000000800000000)
  region size 2048K, 0 young (0K), 0 survivors (0K)

[error occurred during error reporting (printing heap information), id 0xc0000005, EXCEPTION_ACCESS_VIOLATION (0xc0000005) at pc=0x00007ffcc8ad07a9]
GC Heap History (0 events):
No events

Dll operation events (1 events):
Event: 0.005 Loaded shared library C:\Users\Administrator\Downloads\eclipse-java-2025-12-R-win32-x86_64\eclipse\plugins\org.eclipse.justj.openjdk.hotspot.jre.full.win32.x86_64_21.0.9.v20251105-0741\jre\bin\java.dll

Deoptimization events (0 events):
No events

Classes loaded (0 events):
No events

Classes unloaded (0 events):
No events

Classes redefined (0 events):
No events

Internal exceptions (0 events):
No events

ZGC Phase Switch (0 events):
No events

VM Operations (0 events):
No events

Memory protections (0 events):
No events

Nmethod flushes (0 events):
No events

Events (0 events):
No events


Dynamic libraries:
0x00007ff749c30000 - 0x00007ff749c3e000 	C:\Users\Administrator\Downloads\eclipse-java-2025-12-R-win32-x86_64\eclipse\plugins\org.eclipse.justj.openjdk.hotspot.jre.full.win32.x86_64_21.0.9.v20251105-0741\jre\bin\javaw.exe
0x00007ffd79940000 - 0x00007ffd79ba7000 	C:\WINDOWS\SYSTEM32\ntdll.dll
0x00007ffd78e30000 - 0x00007ffd78ef9000 	C:\WINDOWS\System32\KERNEL32.DLL
0x00007ffd76e00000 - 0x00007ffd771ef000 	C:\WINDOWS\System32\KERNELBASE.dll
0x00007ffd76cb0000 - 0x00007ffd76dfb000 	C:\WINDOWS\System32\ucrtbase.dll
0x00007ffd6a610000 - 0x00007ffd6a62e000 	C:\Users\Administrator\Downloads\eclipse-java-2025-12-R-win32-x86_64\eclipse\plugins\org.eclipse.justj.openjdk.hotspot.jre.full.win32.x86_64_21.0.9.v20251105-0741\jre\bin\VCRUNTIME140.dll
0x00007ffd60460000 - 0x00007ffd60478000 	C:\Users\Administrator\Downloads\eclipse-java-2025-12-R-win32-x86_64\eclipse\plugins\org.eclipse.justj.openjdk.hotspot.jre.full.win32.x86_64_21.0.9.v20251105-0741\jre\bin\jli.dll
0x00007ffd79450000 - 0x00007ffd79615000 	C:\WINDOWS\System32\USER32.dll
0x00007ffd3d3e0000 - 0x00007ffd3d673000 	C:\WINDOWS\WinSxS\amd64_microsoft.windows.common-controls_6595b64144ccf1df_6.0.26100.7309_none_3e05feeae336a044\COMCTL32.dll
0x00007ffd77330000 - 0x00007ffd77357000 	C:\WINDOWS\System32\win32u.dll
0x00007ffd793a0000 - 0x00007ffd79449000 	C:\WINDOWS\System32\msvcrt.dll
0x00007ffd79620000 - 0x00007ffd7964b000 	C:\WINDOWS\System32\GDI32.dll
0x00007ffd77200000 - 0x00007ffd7732c000 	C:\WINDOWS\System32\gdi32full.dll
0x00007ffd76c00000 - 0x00007ffd76ca3000 	C:\WINDOWS\System32\msvcp_win.dll
0x00007ffd78f50000 - 0x00007ffd78f81000 	C:\WINDOWS\System32\IMM32.DLL
0x00007ffd6ce20000 - 0x00007ffd6ce2c000 	C:\Users\Administrator\Downloads\eclipse-java-2025-12-R-win32-x86_64\eclipse\plugins\org.eclipse.justj.openjdk.hotspot.jre.full.win32.x86_64_21.0.9.v20251105-0741\jre\bin\vcruntime140_1.dll
0x00007ffd49830000 - 0x00007ffd498bd000 	C:\Users\Administrator\Downloads\eclipse-java-2025-12-R-win32-x86_64\eclipse\plugins\org.eclipse.justj.openjdk.hotspot.jre.full.win32.x86_64_21.0.9.v20251105-0741\jre\bin\msvcp140.dll
0x00007ffcc83a0000 - 0x00007ffcc9140000 	C:\Users\Administrator\Downloads\eclipse-java-2025-12-R-win32-x86_64\eclipse\plugins\org.eclipse.justj.openjdk.hotspot.jre.full.win32.x86_64_21.0.9.v20251105-0741\jre\bin\server\jvm.dll
0x00007ffd78c70000 - 0x00007ffd78d24000 	C:\WINDOWS\System32\ADVAPI32.dll
0x00007ffd781e0000 - 0x00007ffd78286000 	C:\WINDOWS\System32\sechost.dll
0x00007ffd780c0000 - 0x00007ffd781d8000 	C:\WINDOWS\System32\RPCRT4.dll
0x00007ffd78040000 - 0x00007ffd780b4000 	C:\WINDOWS\System32\WS2_32.dll
0x00007ffd768f0000 - 0x00007ffd7694e000 	C:\WINDOWS\SYSTEM32\POWRPROF.dll
0x00007ffd6a840000 - 0x00007ffd6a875000 	C:\WINDOWS\SYSTEM32\WINMM.dll
0x00007ffd6a6b0000 - 0x00007ffd6a6bb000 	C:\WINDOWS\SYSTEM32\VERSION.dll
0x00007ffd768d0000 - 0x00007ffd768e4000 	C:\WINDOWS\SYSTEM32\UMPDC.dll
0x00007ffd75840000 - 0x00007ffd7585b000 	C:\WINDOWS\SYSTEM32\kernel.appcore.dll
0x00007ffd6e760000 - 0x00007ffd6e76a000 	C:\Users\Administrator\Downloads\eclipse-java-2025-12-R-win32-x86_64\eclipse\plugins\org.eclipse.justj.openjdk.hotspot.jre.full.win32.x86_64_21.0.9.v20251105-0741\jre\bin\jimage.dll
0x00007ffd74100000 - 0x00007ffd74342000 	C:\WINDOWS\SYSTEM32\DBGHELP.DLL
0x00007ffd79010000 - 0x00007ffd79395000 	C:\WINDOWS\System32\combase.dll
0x00007ffd78b90000 - 0x00007ffd78c66000 	C:\WINDOWS\System32\OLEAUT32.dll
0x00007ffd68c40000 - 0x00007ffd68c7c000 	C:\WINDOWS\SYSTEM32\dbgcore.DLL
0x00007ffd77570000 - 0x00007ffd77615000 	C:\WINDOWS\System32\bcryptPrimitives.dll
0x00007ffd4caf0000 - 0x00007ffd4cb10000 	C:\Users\Administrator\Downloads\eclipse-java-2025-12-R-win32-x86_64\eclipse\plugins\org.eclipse.justj.openjdk.hotspot.jre.full.win32.x86_64_21.0.9.v20251105-0741\jre\bin\java.dll

JVMTI agents: none

dbghelp: loaded successfully - version: 4.0.5 - missing functions: none
symbol engine: initialized successfully - sym options: 0x614 - pdb path: .;C:\Users\Administrator\Downloads\eclipse-java-2025-12-R-win32-x86_64\eclipse\plugins\org.eclipse.justj.openjdk.hotspot.jre.full.win32.x86_64_21.0.9.v20251105-0741\jre\bin;C:\WINDOWS\SYSTEM32;C:\WINDOWS\WinSxS\amd64_microsoft.windows.common-controls_6595b64144ccf1df_6.0.26100.7309_none_3e05feeae336a044;C:\Users\Administrator\Downloads\eclipse-java-2025-12-R-win32-x86_64\eclipse\plugins\org.eclipse.justj.openjdk.hotspot.jre.full.win32.x86_64_21.0.9.v20251105-0741\jre\bin\server

VM Arguments:
jvm_args: -Dfile.encoding=UTF-8 -Dstdout.encoding=UTF-8 -Dstderr.encoding=UTF-8 --module-path=C:\Users\Administrator\eclipse-workspace\java22\bin -XX:+ShowCodeDetailsInExceptionMessages -Djdk.module.main=java22 
java_command: java22/complexityAnalysis.LinearSearch
java_class_path (initial): <not set>
Launcher Type: SUN_STANDARD

[Global flags]
     intx CICompilerCount                          = 4                                         {product} {ergonomic}
     uint ConcGCThreads                            = 2                                         {product} {ergonomic}
     uint G1ConcRefinementThreads                  = 8                                         {product} {ergonomic}
   size_t G1HeapRegionSize                         = 2097152                                   {product} {ergonomic}
    uintx GCDrainStackTargetSize                   = 64                                        {product} {ergonomic}
   size_t InitialHeapSize                          = 264241152                                 {product} {ergonomic}
   size_t MarkStackSize                            = 4194304                                   {product} {ergonomic}
   size_t MaxHeapSize                              = 4204789760                                {product} {ergonomic}
   size_t MinHeapDeltaBytes                        = 2097152                                   {product} {ergonomic}
   size_t MinHeapSize                              = 8388608                                   {product} {ergonomic}
    uintx NonNMethodCodeHeapSize                   = 5839372                                {pd product} {ergonomic}
    uintx NonProfiledCodeHeapSize                  = 122909434                              {pd product} {ergonomic}
    uintx ProfiledCodeHeapSize                     = 122909434                              {pd product} {ergonomic}
    uintx ReservedCodeCacheSize                    = 251658240                              {pd product} {ergonomic}
     bool SegmentedCodeCache                       = true                                      {product} {ergonomic}
     bool ShowCodeDetailsInExceptionMessages       = true                                   {manageable} {command line}
   size_t SoftMaxHeapSize                          = 4204789760                             {manageable} {ergonomic}
     bool UseCompressedOops                        = true                           {product lp64_product} {ergonomic}
     bool UseG1GC                                  = true                                      {product} {ergonomic}
     bool UseLargePagesIndividualAllocation        = false                                  {pd product} {ergonomic}

Logging:
Log output configuration:
 #0: stdout all=warning uptime,level,tags foldmultilines=false
 #1: stderr all=off uptime,level,tags foldmultilines=false

Release file:
<release file has not been read>
Environment Variables:
PATH=C:/Users/Administrator/Downloads/eclipse-java-2025-12-R-win32-x86_64/eclipse//plugins/org.eclipse.justj.openjdk.hotspot.jre.full.win32.x86_64_21.0.9.v20251105-0741/jre/bin/server;C:/Users/Administrator/Downloads/eclipse-java-2025-12-R-win32-x86_64/eclipse//plugins/org.eclipse.justj.openjdk.hotspot.jre.full.win32.x86_64_21.0.9.v20251105-0741/jre/bin;C:\ProgramData\Oracle\Java\javapath;C:\WINDOWS\system32;C:\WINDOWS;C:\WINDOWS\System32\Wbem;C:\WINDOWS\System32\WindowsPowerShell\v1.0\;C:\WINDOWS\System32\OpenSSH\;C:\Program Files\dotnet\;C:\Program Files\MATLAB\R2007b\bin;C:\Program Files\MATLAB\R2007b\bin\win64;C:\TDM-GCC-64\bin;C:\Program Files\Git\cmd;C:\Users\Administrator\AppData\Local\Microsoft\WindowsApps;C:\Users\Administrator\AppData\Local\Programs\Microsoft VS Code\bin;C:\Users\Administrator\Downloads\eclipse-java-2025-12-R-win32-x86_64\eclipse;
USERNAME=Administrator
OS=Windows_NT
PROCESSOR_IDENTIFIER=Intel64 Family 6 Model 154 Stepping 4, GenuineIntel
TMP=C:\Users\ADMINI~1\AppData\Local\Temp
TEMP=C:\Users\ADMINI~1\AppData\Local\Temp




Periodic native trim disabled

---------------  S Y S T E M  ---------------

OS:
 Windows 11 , 64 bit Build 26100 (10.0.26100.7309)
OS uptime: 0 days 2:56 hours

CPU: total 8 (initial active 8) (4 cores per cpu, 2 threads per core) family 6 model 154 stepping 4 microcode 0x424, cx8, cmov, fxsr, ht, mmx, 3dnowpref, sse, sse2, sse3, ssse3, sse4.1, sse4.2, popcnt, lzcnt, tsc, tscinvbit, avx, avx2, aes, erms, clmul, bmi1, bmi2, adx, sha, fma, vzeroupper, clflush, clflushopt, clwb, serialize, rdtscp, rdpid, fsrm, f16c, pku, cet_ibt, cet_ss
Processor Information for processor 0
  Max Mhz: 1200, Current Mhz: 1200, Mhz Limit: 1200
Processor Information for processor 1
  Max Mhz: 1200, Current Mhz: 1200, Mhz Limit: 1200
Processor Information for processor 2
  Max Mhz: 1200, Current Mhz: 1200, Mhz Limit: 1200
Processor Information for processor 3
  Max Mhz: 1200, Current Mhz: 1200, Mhz Limit: 1200
Processor Information for processor 4
  Max Mhz: 1200, Current Mhz: 900, Mhz Limit: 900
Processor Information for processor 5
  Max Mhz: 1200, Current Mhz: 900, Mhz Limit: 900
Processor Information for processor 6
  Max Mhz: 1200, Current Mhz: 900, Mhz Limit: 900
Processor Information for processor 7
  Max Mhz: 1200, Current Mhz: 900, Mhz Limit: 900

Memory: 4k page, system-wide physical 16035M (2478M free)
TotalPageFile size 43419M (AvailPageFile size 62M)
current process WorkingSet (physical memory assigned to process): 12M, peak: 12M
current process commit charge ("private bytes"): 60M, peak: 312M

vm_info: OpenJDK 64-Bit Server VM (21.0.9+10-LTS) for windows-amd64 JRE (21.0.9+10-LTS), built on 2025-10-21T00:00:00Z by "admin" with unknown MS VC++:1942

END.
